<?xml version="1.0" encoding="UTF-8"?>
<testng-results skipped="0" failed="0" ignored="0" total="1" passed="1">
  <reporter-output>
  </reporter-output>
  <suite name="Default suite" duration-ms="40814" started-at="2020-08-31T13:32:32 MDT" finished-at="2020-08-31T13:33:13 MDT">
    <groups>
    </groups>
    <test name="Default test" duration-ms="40814" started-at="2020-08-31T13:32:32 MDT" finished-at="2020-08-31T13:33:13 MDT">
      <class name="sprint1.TC_006">
        <test-method status="PASS" signature="init()[pri:0, instance:sprint1.TC_006@528931cf]" name="init" is-config="true" duration-ms="136" started-at="2020-08-31T13:32:32 MDT" finished-at="2020-08-31T13:32:33 MDT">
          <reporter-output>
          </reporter-output>
        </test-method> <!-- init -->
        <test-method status="PASS" signature="register(java.lang.reflect.Method)[pri:0, instance:sprint1.TC_006@528931cf]" name="register" is-config="true" duration-ms="6" started-at="2020-08-31T13:32:33 MDT" finished-at="2020-08-31T13:32:33 MDT">
          <params>
            <param index="0">
              <value>
                <![CDATA[public void sprint1.TC_006.purchaseProduct() throws java.io.IOException,java.lang.InterruptedException]]>
              </value>
            </param>
          </params>
          <reporter-output>
          </reporter-output>
        </test-method> <!-- register -->
        <test-method status="PASS" signature="purchaseProduct()[pri:0, instance:sprint1.TC_006@528931cf]" name="purchaseProduct" duration-ms="39692" started-at="2020-08-31T13:32:33 MDT" finished-at="2020-08-31T13:33:12 MDT">
          <reporter-output>
          </reporter-output>
        </test-method> <!-- purchaseProduct -->
        <test-method status="PASS" signature="tearDown(org.testng.ITestResult)[pri:0, instance:sprint1.TC_006@528931cf]" name="tearDown" is-config="true" duration-ms="377" started-at="2020-08-31T13:33:12 MDT" finished-at="2020-08-31T13:33:13 MDT">
          <params>
            <param index="0">
              <value>
                <![CDATA[[TestResult name=purchaseProduct status=SUCCESS method=TC_006.purchaseProduct()[pri:0, instance:sprint1.TC_006@528931cf] output={null}]]]>
              </value>
            </param>
          </params>
          <reporter-output>
          </reporter-output>
        </test-method> <!-- tearDown -->
        <test-method status="PASS" signature="cleanUp()[pri:0, instance:sprint1.TC_006@528931cf]" name="cleanUp" is-config="true" duration-ms="568" started-at="2020-08-31T13:33:13 MDT" finished-at="2020-08-31T13:33:13 MDT">
          <reporter-output>
          </reporter-output>
        </test-method> <!-- cleanUp -->
      </class> <!-- sprint1.TC_006 -->
    </test> <!-- Default test -->
  </suite> <!-- Default suite -->
</testng-results>
